<?xml version="1.0" encoding="UTF-8"?>
<TestRun id="0f76e6cd-93b8-4249-be61-79a95ff1fce9" name="JLiu40@BGC-JINFENGLIU 2012-12-19 13:23:41" runUser="DIR\JLiu40" xmlns="http://microsoft.com/schemas/VisualStudio/TeamTest/2006">
  <TestRunConfiguration name="Default Run Configuration" id="54a9bb4a-8b74-42e8-8332-f6138151fb4b">
    <Deployment runDeploymentRoot="D:\Documents\GitHub\WorkArea\AdaptParameterProblem\AdaptParameterTest\bin\Debug\TestResults\JLiu40_BGC-JINFENGLIU 2012-12-19 13_23_41" />
    <Hosts skipUnhostableTests="false" />
    <TestTypeSpecific />
  </TestRunConfiguration>
  <ResultSummary outcome="Completed">
    <Counters total="1" executed="1" passed="1" error="0" failed="0" timeout="0" aborted="0" inconclusive="0" passedButRunAborted="0" notRunnable="0" notExecuted="0" disconnected="0" warning="0" completed="0" inProgress="0" pending="0" />
  </ResultSummary>
  <Times creation="2012-12-19T13:23:41.4171123+08:00" queuing="2012-12-19T13:23:41.6981404+08:00" start="2012-12-19T13:23:41.7651471+08:00" finish="2012-12-19T13:23:42.1721878+08:00" />
  <TestDefinitions>
    <UnitTest name="TestReturn1" storage="d:\documents\github\workarea\adaptparameterproblem\adaptparametertest\bin\debug\adaptparametertest.dll" id="fd6c8b6b-2784-b9c8-faa3-0ddb111e649f">
      <Css projectStructure="" iteration="" />
      <Execution timeOut="1800000" id="97e328ed-2a3e-48e7-86a9-24c1e7d6b7b2" />
      <Owners>
        <Owner name="" />
      </Owners>
      <TestMethod codeBase="D:/Documents/GitHub/WorkArea/AdaptParameterProblem/AdaptParameterTest/bin/Debug/AdaptParameterTest.DLL" adapterTypeName="Microsoft.VisualStudio.TestTools.TestTypes.Unit.UnitTestAdapter, Microsoft.VisualStudio.QualityTools.Tips.UnitTest.Adapter" className="AdaptParameterTest.MakeThisTestRunable, AdaptParameterTest, Version=1.0.0.0, Culture=neutral, PublicKeyToken=null" name="TestReturn1" />
    </UnitTest>
  </TestDefinitions>
  <TestLists>
    <TestList name="Results Not in a List" id="8c84fa94-04c1-424b-9868-57a2d4851a1d" />
    <TestList name="All Loaded Results" id="19431567-8539-422a-85d7-44ee4e166bda" />
  </TestLists>
  <TestEntries>
    <TestEntry testId="fd6c8b6b-2784-b9c8-faa3-0ddb111e649f" executionId="97e328ed-2a3e-48e7-86a9-24c1e7d6b7b2" testListId="8c84fa94-04c1-424b-9868-57a2d4851a1d" />
  </TestEntries>
  <Results>
    <UnitTestResult executionId="97e328ed-2a3e-48e7-86a9-24c1e7d6b7b2" testId="fd6c8b6b-2784-b9c8-faa3-0ddb111e649f" testName="TestReturn1" computerName="BGC-JINFENGLIU" duration="00:00:00.3184887" startTime="2012-12-19T13:23:41.7921498+08:00" endTime="2012-12-19T13:23:42.1471853+08:00" testType="13cdc9d9-ddb5-4fa4-a97d-d965ccfc6d4b" outcome="Passed" testListId="8c84fa94-04c1-424b-9868-57a2d4851a1d">
      <Output>
      </Output>
    </UnitTestResult>
  </Results>
</TestRun>