<?xml version="1.0" encoding="UTF-8"?>
<TestRun id="8fa043ed-5713-41ee-93fc-053a070485bb" name="JLiu40@BGC-JINFENGLIU 2012-12-19 13:17:53" runUser="DIR\JLiu40" xmlns="http://microsoft.com/schemas/VisualStudio/TeamTest/2006">
  <TestRunConfiguration name="Default Run Configuration" id="53e6556d-b34c-46a3-9289-b4ad26740db7">
    <Deployment runDeploymentRoot="D:\Documents\GitHub\WorkArea\AdaptParameterProblem\AdaptParameterTest\bin\Debug\TestResults\JLiu40_BGC-JINFENGLIU 2012-12-19 13_17_53" />
    <Hosts skipUnhostableTests="false" />
    <TestTypeSpecific />
  </TestRunConfiguration>
  <ResultSummary outcome="Failed">
    <Counters total="1" executed="1" error="0" failed="1" timeout="0" aborted="0" inconclusive="0" passedButRunAborted="0" notRunnable="0" notExecuted="0" disconnected="0" warning="0" passed="0" completed="0" inProgress="0" pending="0" />
  </ResultSummary>
  <Times creation="2012-12-19T13:17:53.7483489+08:00" queuing="2012-12-19T13:17:54.0383779+08:00" start="2012-12-19T13:17:54.1053846+08:00" finish="2012-12-19T13:17:54.3584099+08:00" />
  <TestDefinitions>
    <UnitTest name="TestReturn1" storage="d:\documents\github\workarea\adaptparameterproblem\adaptparametertest\bin\debug\adaptparametertest.dll" id="fd6c8b6b-2784-b9c8-faa3-0ddb111e649f">
      <Css projectStructure="" iteration="" />
      <Execution timeOut="1800000" id="15bf01b6-b877-4637-9804-40b1531f3e3d" />
      <Owners>
        <Owner name="" />
      </Owners>
      <TestMethod codeBase="D:/Documents/GitHub/WorkArea/AdaptParameterProblem/AdaptParameterTest/bin/Debug/AdaptParameterTest.DLL" adapterTypeName="Microsoft.VisualStudio.TestTools.TestTypes.Unit.UnitTestAdapter, Microsoft.VisualStudio.QualityTools.Tips.UnitTest.Adapter" className="AdaptParameterTest.MakeThisTestRunable, AdaptParameterTest, Version=1.0.0.0, Culture=neutral, PublicKeyToken=null" name="TestReturn1" />
    </UnitTest>
  </TestDefinitions>
  <TestLists>
    <TestList name="Results Not in a List" id="8c84fa94-04c1-424b-9868-57a2d4851a1d" />
    <TestList name="All Loaded Results" id="19431567-8539-422a-85d7-44ee4e166bda" />
  </TestLists>
  <TestEntries>
    <TestEntry testId="fd6c8b6b-2784-b9c8-faa3-0ddb111e649f" executionId="15bf01b6-b877-4637-9804-40b1531f3e3d" testListId="8c84fa94-04c1-424b-9868-57a2d4851a1d" />
  </TestEntries>
  <Results>
    <UnitTestResult executionId="15bf01b6-b877-4637-9804-40b1531f3e3d" testId="fd6c8b6b-2784-b9c8-faa3-0ddb111e649f" testName="TestReturn1" computerName="BGC-JINFENGLIU" duration="00:00:00.1459442" startTime="2012-12-19T13:17:54.1323873+08:00" endTime="2012-12-19T13:17:54.3184059+08:00" testType="13cdc9d9-ddb5-4fa4-a97d-d965ccfc6d4b" outcome="Failed" testListId="8c84fa94-04c1-424b-9868-57a2d4851a1d">
      <Output>
        <ErrorInfo>
          <Message>Test method AdaptParameterTest.MakeThisTestRunable.TestReturn1 threw exception:  System.NotSupportedException: Type to mock must be an interface or an abstract or non-sealed class. .</Message>
          <StackTrace>    at Moq.Extensions.ThrowIfNotMockeable(Type typeToMock)
   at Moq.Mock`1.CheckParameters()
   at Moq.Mock`1..ctor(MockBehavior behavior, Object[] args)
   at Moq.Mock`1..ctor()
   at AdaptParameterTest.MakeThisTestRunable.TestReturn1() in D:\Documents\GitHub\WorkArea\AdaptParameterProblem\AdaptParameterTest\MakeThisTestRunable.cs:line 15
</StackTrace>
        </ErrorInfo>
      </Output>
    </UnitTestResult>
  </Results>
</TestRun>