<?xml version="1.0" encoding="UTF-8"?>
<TestRun id="829297ee-63a0-420a-aa9d-0489858724f7" name="JLiu40@BGC-JINFENGLIU 2012-12-19 13:21:11" runUser="DIR\JLiu40" xmlns="http://microsoft.com/schemas/VisualStudio/TeamTest/2006">
  <TestRunConfiguration name="Default Run Configuration" id="15de7125-2547-48a4-a2dd-646cd85d033d">
    <Deployment runDeploymentRoot="D:\Documents\GitHub\WorkArea\AdaptParameterProblem\AdaptParameterTest\bin\Debug\TestResults\JLiu40_BGC-JINFENGLIU 2012-12-19 13_21_11" />
    <Hosts skipUnhostableTests="false" />
    <TestTypeSpecific />
  </TestRunConfiguration>
  <ResultSummary outcome="Failed">
    <Counters total="1" executed="1" error="0" failed="1" timeout="0" aborted="0" inconclusive="0" passedButRunAborted="0" notRunnable="0" notExecuted="0" disconnected="0" warning="0" passed="0" completed="0" inProgress="0" pending="0" />
  </ResultSummary>
  <Times creation="2012-12-19T13:21:11.4501171+08:00" queuing="2012-12-19T13:21:11.7371458+08:00" start="2012-12-19T13:21:11.8031524+08:00" finish="2012-12-19T13:21:12.0291750+08:00" />
  <TestDefinitions>
    <UnitTest name="TestReturn1" storage="d:\documents\github\workarea\adaptparameterproblem\adaptparametertest\bin\debug\adaptparametertest.dll" id="fd6c8b6b-2784-b9c8-faa3-0ddb111e649f">
      <Css projectStructure="" iteration="" />
      <Execution timeOut="1800000" id="2b129a7c-e0bd-4f0e-b0e9-fd8141f3d303" />
      <Owners>
        <Owner name="" />
      </Owners>
      <TestMethod codeBase="D:/Documents/GitHub/WorkArea/AdaptParameterProblem/AdaptParameterTest/bin/Debug/AdaptParameterTest.DLL" adapterTypeName="Microsoft.VisualStudio.TestTools.TestTypes.Unit.UnitTestAdapter, Microsoft.VisualStudio.QualityTools.Tips.UnitTest.Adapter" className="AdaptParameterTest.MakeThisTestRunable, AdaptParameterTest, Version=1.0.0.0, Culture=neutral, PublicKeyToken=null" name="TestReturn1" />
    </UnitTest>
  </TestDefinitions>
  <TestLists>
    <TestList name="Results Not in a List" id="8c84fa94-04c1-424b-9868-57a2d4851a1d" />
    <TestList name="All Loaded Results" id="19431567-8539-422a-85d7-44ee4e166bda" />
  </TestLists>
  <TestEntries>
    <TestEntry testId="fd6c8b6b-2784-b9c8-faa3-0ddb111e649f" executionId="2b129a7c-e0bd-4f0e-b0e9-fd8141f3d303" testListId="8c84fa94-04c1-424b-9868-57a2d4851a1d" />
  </TestEntries>
  <Results>
    <UnitTestResult executionId="2b129a7c-e0bd-4f0e-b0e9-fd8141f3d303" testId="fd6c8b6b-2784-b9c8-faa3-0ddb111e649f" testName="TestReturn1" computerName="BGC-JINFENGLIU" duration="00:00:00.1383957" startTime="2012-12-19T13:21:11.8301551+08:00" endTime="2012-12-19T13:21:12.0051726+08:00" testType="13cdc9d9-ddb5-4fa4-a97d-d965ccfc6d4b" outcome="Failed" testListId="8c84fa94-04c1-424b-9868-57a2d4851a1d">
      <Output>
        <ErrorInfo>
          <Message>Test method AdaptParameterTest.MakeThisTestRunable.TestReturn1 threw exception:  System.InvalidCastException: Unable to cast object of type 'Moq.Mock`1[AdaptParameter.IReadOnlyInterface]' to type 'AdaptParameter.IReadOnlyInterface'..</Message>
          <StackTrace>    at AdaptParameterTest.MakeThisTestRunable.TestReturn1() in D:\Documents\GitHub\WorkArea\AdaptParameterProblem\AdaptParameterTest\MakeThisTestRunable.cs:line 19
</StackTrace>
        </ErrorInfo>
      </Output>
    </UnitTestResult>
  </Results>
</TestRun>